<?xml version="1.0" encoding="UTF-8"?>
<!-- Generated by org.testng.reporters.JUnitReportReporter -->
<testsuite hostname="KumarVanga" failures="0" tests="7" name="com.tutorialninjaqa.testcases.LoginTest" time="26.604" errors="0" timestamp="2023-06-07T10:34:48 IST" skipped="0">
  <testcase classname="com.tutorialninjaqa.testcases.LoginTest" name="verifyLoginWithValidCredentials" time="3.724"/>
  <system-out/>
  <testcase classname="com.tutorialninjaqa.testcases.LoginTest" name="verifyLoginWithValidCredentials" time="3.863"/>
  <system-out/>
  <testcase classname="com.tutorialninjaqa.testcases.LoginTest" name="verifyLoginWithValidCredentials" time="4.005"/>
  <system-out/>
  <testcase classname="com.tutorialninjaqa.testcases.LoginTest" name="verifyLoginWithInValidCredentials" time="3.789"/>
  <system-out/>
  <testcase classname="com.tutorialninjaqa.testcases.LoginTest" name="verifyLoginWithInValidEmailAndValidPassword" time="3.908"/>
  <system-out/>
  <testcase classname="com.tutorialninjaqa.testcases.LoginTest" name="verifyLoginWithValidEmailAndInValidPassword" time="4.014"/>
  <system-out/>
  <testcase classname="com.tutorialninjaqa.testcases.LoginTest" name="verifyLoginWithOutProvidingCredentials" time="3.301"/>
  <system-out/>
</testsuite> <!-- com.tutorialninjaqa.testcases.LoginTest -->
