<?xml version="1.0" encoding="UTF-8"?>
<!-- Generated by org.testng.reporters.JUnitReportReporter -->
<testsuite hostname="KumarVanga" failures="0" tests="4" name="com.tutorialninjaqa.testcases.RegisterTest" time="30.218" errors="0" timestamp="2023-06-05T11:38:56 IST" skipped="0">
  <testcase classname="com.tutorialninjaqa.testcases.RegisterTest" name="verifyRegisteringAnAccountWithMandatoryFields" time="5.155"/>
  <system-out/>
  <testcase classname="com.tutorialninjaqa.testcases.RegisterTest" name="verifyRegisteringAccountByProvidingAllFields" time="16.130"/>
  <system-out/>
  <testcase classname="com.tutorialninjaqa.testcases.RegisterTest" name="VerifyRegisteringAccountDetailsWithExistingEmailAddress" time="4.986"/>
  <system-out/>
  <testcase classname="com.tutorialninjaqa.testcases.RegisterTest" name="VerifyRegisteringAccountWithoutFillingAnyDetails" time="3.947"/>
  <system-out/>
</testsuite> <!-- com.tutorialninjaqa.testcases.RegisterTest -->
