<?xml version="1.0" encoding="UTF-8"?>
<!-- Generated by org.testng.reporters.JUnitReportReporter -->
<testsuite hostname="KumarVanga" failures="0" tests="4" name="com.tutorialninjaqa.testcases.RegisterTest" time="20.589" errors="0" timestamp="2023-06-07T10:34:48 IST" skipped="0">
  <testcase classname="com.tutorialninjaqa.testcases.RegisterTest" name="verifyRegisteringAnAccountWithMandatoryFields" time="7.016"/>
  <system-out/>
  <testcase classname="com.tutorialninjaqa.testcases.RegisterTest" name="verifyRegisteringAccountByProvidingAllFields" time="4.896"/>
  <system-out/>
  <testcase classname="com.tutorialninjaqa.testcases.RegisterTest" name="VerifyRegisteringAccountDetailsWithExistingEmailAddress" time="4.826"/>
  <system-out/>
  <testcase classname="com.tutorialninjaqa.testcases.RegisterTest" name="VerifyRegisteringAccountWithoutFillingAnyDetails" time="3.851"/>
  <system-out/>
</testsuite> <!-- com.tutorialninjaqa.testcases.RegisterTest -->
