<?xml version="1.0" encoding="UTF-8"?>
<!-- Generated by org.testng.reporters.JUnitReportReporter -->
<testsuite hostname="KumarVanga" failures="0" tests="3" name="com.tutorialninjaqa.testcases.SearchTest" time="9.650" errors="0" timestamp="2023-06-05T11:38:56 IST" skipped="0">
  <testcase classname="com.tutorialninjaqa.testcases.SearchTest" name="verifySearchWithValidProduct" time="3.281"/>
  <system-out/>
  <testcase classname="com.tutorialninjaqa.testcases.SearchTest" name="verifySearchWithInValidProduct" time="3.225"/>
  <system-out/>
  <testcase classname="com.tutorialninjaqa.testcases.SearchTest" name="verifySearchingWithOutAnyProduct" time="3.144"/>
  <system-out/>
</testsuite> <!-- com.tutorialninjaqa.testcases.SearchTest -->
